<fileupload size="8425355">
  <file name="wordpress-4.5.3.zip" tmpfile="/home/tusharchoudhary/tmp/Cpanel_Form_file.upload.SnWDLybB7GBh5hMY">
    <progress bytes="605149" bps="690583.20"></progress>
    <progress bytes="1129437" bps="601310.46"></progress>
    <progress bytes="1653725" bps="748549.77"></progress>
    <progress bytes="2178013" bps="747190.67"></progress>
    <progress bytes="2702301" bps="736576.80"></progress>
    <progress bytes="3226589" bps="738351.65"></progress>
    <progress bytes="3750877" bps="743991.74"></progress>
    <progress bytes="4275165" bps="746260.07"></progress>
    <progress bytes="4799453" bps="746582.06"></progress>
    <progress bytes="5323741" bps="742413.56"></progress>
    <progress bytes="5848029" bps="629804.12"></progress>
    <progress bytes="6372317" bps="396021.42"></progress>
    <progress bytes="6634461" bps="508761.61"></progress>
    <progress bytes="6896605" bps="440807.82"></progress>
    <progress bytes="7158749" bps="316357.94"></progress>
    <progress bytes="7420893" bps="410278.24"></progress>
    <progress bytes="7683037" bps="458487.68"></progress>
    <progress bytes="7945181" bps="508660.92"></progress>
    <progress bytes="8207325" bps="596591.28"></progress>
    <progress bytes="8424252" bps="600175.96"></progress>
    <progress filesize="8424250" complete="1"></progress>
  </file>
</fileupload>
