<fileupload size="2945312">
  <file name="simplifytrips.com (5).zip" tmpfile="/home/tusharchoudhary/tmp/Cpanel_Form_file.upload.JawyObXV2NYWu1wC">
    <progress bytes="605137" bps="250130.36"></progress>
    <progress bytes="736209" bps="72945.35"></progress>
    <progress bytes="801745" bps="454227.89"></progress>
    <progress bytes="1063889" bps="546726.76"></progress>
    <progress bytes="1588177" bps="227415.00"></progress>
    <progress bytes="1719249" bps="246976.67"></progress>
    <progress bytes="1850321" bps="143109.67"></progress>
    <progress bytes="1981393" bps="244336.74"></progress>
    <progress bytes="2112465" bps="184641.74"></progress>
    <progress bytes="2243537" bps="221021.98"></progress>
    <progress bytes="2374609" bps="244475.28"></progress>
    <progress bytes="2505681" bps="243329.29"></progress>
    <progress bytes="2636753" bps="247363.53"></progress>
    <progress bytes="2767825" bps="197619.02"></progress>
    <progress bytes="2898897" bps="212494.29"></progress>
    <progress bytes="2944197" bps="215969.34"></progress>
    <progress filesize="2944195" complete="1"></progress>
  </file>
</fileupload>
