<fileupload size="1716341">
  <file name="simplifytrips.com (2).zip" tmpfile="/home/tusharchoudhary/tmp/Cpanel_Form_file.upload.qX1h_QYz9CBSOqY4">
    <progress bytes="211921" bps="18496.55"></progress>
    <progress bytes="277457" bps="45426.09"></progress>
    <progress bytes="342993" bps="29886.17"></progress>
    <progress bytes="408529" bps="18318.85"></progress>
    <progress bytes="474065" bps="36168.29"></progress>
    <progress bytes="539601" bps="29698.25"></progress>
    <progress bytes="605137" bps="29520.03"></progress>
    <progress bytes="670673" bps="22411.75"></progress>
    <progress bytes="736209" bps="29653.68"></progress>
    <progress bytes="801745" bps="29365.90"></progress>
    <progress bytes="867281" bps="29679.90"></progress>
    <progress bytes="932817" bps="24821.48"></progress>
    <progress bytes="998353" bps="25764.73"></progress>
    <progress bytes="1063889" bps="29700.74"></progress>
    <progress bytes="1129425" bps="29503.99"></progress>
    <progress bytes="1194961" bps="24024.53"></progress>
    <progress bytes="1260497" bps="25447.41"></progress>
    <progress bytes="1326033" bps="30390.17"></progress>
    <progress bytes="1391569" bps="29979.95"></progress>
    <progress bytes="1457105" bps="29545.59"></progress>
    <progress bytes="1522641" bps="23084.27"></progress>
    <progress bytes="1588177" bps="29596.59"></progress>
    <progress bytes="1653713" bps="30331.99"></progress>
    <progress bytes="1715226" bps="30073.12"></progress>
    <progress filesize="1715224" complete="1"></progress>
  </file>
</fileupload>
