<fileupload size="8425356">
  <file name="wordpress-4.5.3.zip" tmpfile="/home/tusharchoudhary/tmp/Cpanel_Form_file.upload.iK8AiIW08iLzlfkJ">
    <progress bytes="605148" bps="682926.32"></progress>
    <progress bytes="1129436" bps="435084.75"></progress>
    <progress bytes="1391580" bps="701096.00"></progress>
    <progress bytes="1915868" bps="687754.08"></progress>
    <progress bytes="2440156" bps="740351.42"></progress>
    <progress bytes="2964444" bps="655057.04"></progress>
    <progress bytes="3488732" bps="732875.30"></progress>
    <progress bytes="4013020" bps="695131.05"></progress>
    <progress bytes="4537308" bps="733860.10"></progress>
    <progress bytes="5061596" bps="716313.83"></progress>
    <progress bytes="5585884" bps="723110.98"></progress>
    <progress bytes="6110172" bps="732732.93"></progress>
    <progress bytes="6634460" bps="729756.89"></progress>
    <progress bytes="7158748" bps="727397.85"></progress>
    <progress bytes="7683036" bps="731465.31"></progress>
    <progress bytes="8207324" bps="346157.45"></progress>
    <progress bytes="8424252" bps="345440.50"></progress>
    <progress filesize="8424250" complete="1"></progress>
  </file>
</fileupload>
